<?xml version="1.0" encoding="UTF-8"?>
<!-- Generated by org.testng.reporters.JUnitXMLReporter -->
<testsuite hostname="WIN-JO8IQI19CKC" name="Default test" tests="7" failures="0" timestamp="1 Jul 2022 10:14:41 GMT" time="13.064" errors="0">
  <testcase name="createUser" time="2.451" classname="IbmFullstack.RestAssured.PetProject"/>
  <testcase name="createUser" time="1.255" classname="IbmFullstack.RestAssured.PetProject"/>
  <testcase name="getUser" time="3.134" classname="IbmFullstack.RestAssured.PetProject"/>
  <testcase name="LoginUser" time="1.182" classname="IbmFullstack.RestAssured.PetProject"/>
  <testcase name="LoginUser" time="1.185" classname="IbmFullstack.RestAssured.PetProject"/>
  <testcase name="UpdateUser" time="1.275" classname="IbmFullstack.RestAssured.PetProject"/>
  <testcase name="deleteUser" time="2.571" classname="IbmFullstack.RestAssured.PetProject"/>
</testsuite> <!-- Default test -->
